  2DFluidSimulation.c
C:\Users\jbari\source\repos\In progress or not complete\2DFluidSimulation\2DFluidSimulation\2DFluidSimulation.c(43,5): warning C4026: function declared with formal parameter list
C:\Users\jbari\source\repos\In progress or not complete\2DFluidSimulation\2DFluidSimulation\2DFluidSimulation.c(78,36): warning C4244: 'function': conversion from 'int' to 'float', possible loss of data
C:\Users\jbari\source\repos\In progress or not complete\2DFluidSimulation\2DFluidSimulation\2DFluidSimulation.c(78,44): warning C4244: 'function': conversion from 'int' to 'float', possible loss of data
C:\Users\jbari\source\repos\In progress or not complete\2DFluidSimulation\2DFluidSimulation\2DFluidSimulation.c(84,58): warning C4244: 'function': conversion from 'int' to 'float', possible loss of data
C:\Users\jbari\source\repos\In progress or not complete\2DFluidSimulation\2DFluidSimulation\2DFluidSimulation.c(84,66): warning C4244: 'function': conversion from 'int' to 'float', possible loss of data
C:\Users\jbari\source\repos\In progress or not complete\2DFluidSimulation\2DFluidSimulation\2DFluidSimulation.c(89,61): warning C4244: 'function': conversion from 'int' to 'float', possible loss of data
C:\Users\jbari\source\repos\In progress or not complete\2DFluidSimulation\2DFluidSimulation\2DFluidSimulation.c(89,69): warning C4244: 'function': conversion from 'int' to 'float', possible loss of data
C:\Users\jbari\source\repos\In progress or not complete\2DFluidSimulation\2DFluidSimulation\2DFluidSimulation.c(172,23): warning C4244: 'initializing': conversion from 'double' to 'float', possible loss of data
C:\Users\jbari\source\repos\In progress or not complete\2DFluidSimulation\2DFluidSimulation\2DFluidSimulation.c(213,34): warning C4244: 'initializing': conversion from 'double' to 'float', possible loss of data
C:\Users\jbari\source\repos\In progress or not complete\2DFluidSimulation\2DFluidSimulation\2DFluidSimulation.c(260,34): warning C4244: 'initializing': conversion from 'double' to 'float', possible loss of data
C:\Users\jbari\source\repos\In progress or not complete\2DFluidSimulation\2DFluidSimulation\2DFluidSimulation.c(282,59): warning C4244: 'initializing': conversion from 'int' to 'float', possible loss of data
C:\Users\jbari\source\repos\In progress or not complete\2DFluidSimulation\2DFluidSimulation\2DFluidSimulation.c(283,59): warning C4244: 'initializing': conversion from 'int' to 'float', possible loss of data
C:\Users\jbari\source\repos\In progress or not complete\2DFluidSimulation\2DFluidSimulation\2DFluidSimulation.c(327,30): warning C4244: 'initializing': conversion from 'double' to 'float', possible loss of data
C:\Users\jbari\source\repos\In progress or not complete\2DFluidSimulation\2DFluidSimulation\2DFluidSimulation.c(409,30): warning C4244: 'initializing': conversion from 'double' to 'float', possible loss of data
     Creating library C:\Users\jbari\source\repos\In progress or not complete\2DFluidSimulation\x64\Release\2DFluidSimulation.lib and object C:\Users\jbari\source\repos\In progress or not complete\2DFluidSimulation\x64\Release\2DFluidSimulation.exp
  Generating code
  0 of 13 functions ( 0.0%) were compiled, the rest were copied from previous compilation.
    0 functions were new in current compilation
    0 functions had inline decision re-evaluated but remain unchanged
  Finished generating code
  2DFluidSimulation.vcxproj -> C:\Users\jbari\source\repos\In progress or not complete\2DFluidSimulation\x64\Release\2DFluidSimulation.exe
